<?xml version="1.0" encoding="UTF-8" ?>
<testsuites>
<testsuite name="Validator" errors="0" tests="0" failures="0" time="0" timestamp="[object Object]">
</testsuite>
</testsuites>