<?xml version="1.0" encoding="UTF-8" ?>
<testsuites>
<testsuite name="jii.Module" errors="0" tests="14" failures="0" time="0.016" timestamp="[object Object]">
  <testcase classname="jii.Module" name="is there" time="0.002"></testcase>
  <testcase classname="jii.Module" name="can create classes" time="0.001"></testcase>
  <testcase classname="jii.Module" name="classes have a magic name propertie" time="0.001"></testcase>
  <testcase classname="jii.Module" name="can create subclasses" time="0.001"></testcase>
  <testcase classname="jii.Module" name="subclasses respect instanceof" time="0"></testcase>
  <testcase classname="jii.Module" name="constructor method gets called, with parameters" time="0.001"></testcase>
  <testcase classname="jii.Module" name="subclasses inherit instance properties" time="0.001"></testcase>
  <testcase classname="jii.Module" name="we can call super on methods" time="0"></testcase>
  <testcase classname="jii.Module" name="we can extend classes with static properties" time="0.001"></testcase>
  <testcase classname="jii.Module" name="subclasses inherit static properties" time="0.001"></testcase>
  <testcase classname="jii.Module" name="should fire extended callback after extend" time="0"></testcase>
  <testcase classname="jii.Module" name="should fire extended with the right scope" time="0.001"></testcase>
  <testcase classname="jii.Module" name="should fire included callback after include" time="0.001"></testcase>
  <testcase classname="jii.Module" name="should fire included with the right scope" time="0.004"></testcase>
</testsuite>
</testsuites>