<?xml version="1.0" encoding="UTF-8" ?>
<testsuites>
<testsuite name="PubSub" errors="0" tests="11" failures="0" time="0.012" timestamp="[object Object]">
  <testcase classname="PubSub" name="We can extend simple objects with pubsub cap." time="0.001"></testcase>
  <testcase classname="PubSub" name="objects can subscribe to a pubsub instance" time="0.001"></testcase>
  <testcase classname="PubSub" name="objects can unsubscribe from a pubsub instance" time="0.001"></testcase>
  <testcase classname="PubSub" name="objects get notified of publisehd topics" time="0.001"></testcase>
  <testcase classname="PubSub" name="objects get notified of publisehd topics" time="0.001"></testcase>
  <testcase classname="PubSub" name="a handler can abort the publish loop" time="0"></testcase>
  <testcase classname="PubSub" name="should route all notices to a single handler if subscribed to the * channel" time="0.001"></testcase>
  <testcase classname="PubSub" name="should have a fluid interface" time="0.001"></testcase>
  <testcase classname="PubSub" name="should execute in the context of the publisher" time="0.001"></testcase>
  <testcase classname="PubSub" name="shoud include all event props into the options parameter" time="0.002"></testcase>
  <testcase classname="PubSub" name="each callback should have a cloned options object" time="0.001"></testcase>
</testsuite>
</testsuites>